This file contains any messages produced by compilers while
running configure, to aid debugging if configure makes a mistake.

It was created by libgatha configure 0.2, which was
generated by GNU Autoconf 2.69.  Invocation command line was

  $ ./configure --no-create --no-recursion

## --------- ##
## Platform. ##
## --------- ##

hostname = caribou
uname -m = x86_64
uname -r = 4.19.0-2-amd64
uname -s = Linux
uname -v = #1 SMP Debian 4.19.16-1 (2019-01-17)

/usr/bin/uname -p = unknown
/bin/uname -X     = unknown

/bin/arch              = unknown
/usr/bin/arch -k       = unknown
/usr/convex/getsysinfo = unknown
/usr/bin/hostinfo      = unknown
/bin/machine           = unknown
/usr/bin/oslevel       = unknown
/bin/universe          = unknown

PATH: /home/yusei/cocos2d/cocos2d-x/templates
PATH: /home/yusei/cocos2d
PATH: /home/yusei/cocos2d/cocos2d-x/tools/cocos2d-console/bin
PATH: /home/yusei/.rbenv/shims
PATH: /usr/local/bin
PATH: /usr/bin
PATH: /bin
PATH: /usr/local/games
PATH: /usr/games
PATH: /snap/bin
PATH: /home/yusei/.dotnet/tools
PATH: /home/yusei/.rbenv/bin/
PATH: /home/yusei/.local/bin


## ----------- ##
## Core tests. ##
## ----------- ##

configure:2414: checking for a BSD-compatible install
configure:2482: result: /usr/bin/install -c
configure:2493: checking whether build environment is sane
configure:2543: result: yes
configure:2684: checking for a thread-safe mkdir -p
configure:2723: result: /bin/mkdir -p
configure:2736: checking for gawk
configure:2752: found /usr/bin/gawk
configure:2763: result: gawk
configure:2774: checking whether make sets $(MAKE)
configure:2796: result: yes
configure:2905: checking build system type
configure:2919: result: x86_64-unknown-linux-gnu
configure:2939: checking host system type
configure:2952: result: x86_64-unknown-linux-gnu
configure:2984: checking for style of include used by make
configure:3012: result: GNU
configure:3082: checking for gcc
configure:3098: found /usr/bin/gcc
configure:3109: result: gcc
configure:3338: checking for C compiler version
configure:3347: gcc --version >&5
gcc (Debian 8.3.0-6) 8.3.0
Copyright (C) 2018 Free Software Foundation, Inc.
This is free software; see the source for copying conditions.  There is NO
warranty; not even for MERCHANTABILITY or FITNESS FOR A PARTICULAR PURPOSE.

configure:3358: $? = 0
configure:3347: gcc -v >&5
Using built-in specs.
COLLECT_GCC=gcc
COLLECT_LTO_WRAPPER=/usr/lib/gcc/x86_64-linux-gnu/8/lto-wrapper
OFFLOAD_TARGET_NAMES=nvptx-none
OFFLOAD_TARGET_DEFAULT=1
Target: x86_64-linux-gnu
Configured with: ../src/configure -v --with-pkgversion='Debian 8.3.0-6' --with-bugurl=file:///usr/share/doc/gcc-8/README.Bugs --enable-languages=c,ada,c++,go,brig,d,fortran,objc,obj-c++ --prefix=/usr --with-gcc-major-version-only --program-suffix=-8 --program-prefix=x86_64-linux-gnu- --enable-shared --enable-linker-build-id --libexecdir=/usr/lib --without-included-gettext --enable-threads=posix --libdir=/usr/lib --enable-nls --enable-bootstrap --enable-clocale=gnu --enable-libstdcxx-debug --enable-libstdcxx-time=yes --with-default-libstdcxx-abi=new --enable-gnu-unique-object --disable-vtable-verify --enable-libmpx --enable-plugin --enable-default-pie --with-system-zlib --with-target-system-zlib --enable-objc-gc=auto --enable-multiarch --disable-werror --with-arch-32=i686 --with-abi=m64 --with-multilib-list=m32,m64,mx32 --enable-multilib --with-tune=generic --enable-offload-targets=nvptx-none --without-cuda-driver --enable-checking=release --build=x86_64-linux-gnu --host=x86_64-linux-gnu --target=x86_64-linux-gnu
Thread model: posix
gcc version 8.3.0 (Debian 8.3.0-6) 
configure:3358: $? = 0
configure:3347: gcc -V >&5
gcc: error: unrecognized command line option '-V'
gcc: fatal error: no input files
compilation terminated.
configure:3358: $? = 1
configure:3347: gcc -qversion >&5
gcc: error: unrecognized command line option '-qversion'; did you mean '--version'?
gcc: fatal error: no input files
compilation terminated.
configure:3358: $? = 1
configure:3378: checking whether the C compiler works
configure:3400: gcc    conftest.c  >&5
configure:3404: $? = 0
configure:3452: result: yes
configure:3455: checking for C compiler default output file name
configure:3457: result: a.out
configure:3463: checking for suffix of executables
configure:3470: gcc -o conftest    conftest.c  >&5
configure:3474: $? = 0
configure:3496: result: 
configure:3518: checking whether we are cross compiling
configure:3526: gcc -o conftest    conftest.c  >&5
configure:3530: $? = 0
configure:3537: ./conftest
configure:3541: $? = 0
configure:3529: result: no
configure:3534: checking for suffix of object files
configure:3556: gcc -c   conftest.c >&5
configure:3560: $? = 0
configure:3581: result: o
configure:3585: checking whether we are using the GNU C compiler
configure:3604: gcc -c   conftest.c >&5
configure:3604: $? = 0
configure:3613: result: yes
configure:3622: checking whether gcc accepts -g
configure:3642: gcc -c -g  conftest.c >&5
configure:3642: $? = 0
configure:3683: result: yes
configure:3700: checking for gcc option to accept ISO C89
configure:3763: gcc  -c -g -O2  conftest.c >&5
configure:3763: $? = 0
configure:3776: result: none needed
configure:3798: checking dependency style of gcc
configure:3908: result: gcc3
configure:3923: checking for a sed that does not truncate output
configure:3987: result: /bin/sed
configure:4005: checking for grep that handles long lines and -e
configure:4063: result: /bin/grep
configure:4068: checking for egrep
configure:4130: result: /bin/grep -E
configure:4135: checking for fgrep
configure:4197: result: /bin/grep -F
configure:4232: checking for ld used by gcc
configure:4299: result: /usr/bin/ld
configure:4306: checking if the linker (/usr/bin/ld) is GNU ld
configure:4321: result: yes
configure:4333: checking for BSD- or MS-compatible name lister (nm)
configure:4382: result: /usr/bin/nm -B
configure:4500: checking the name lister (/usr/bin/nm -B) interface
configure:4538: gcc -c -g -O2  conftest.c >&5
configure:4541: /usr/bin/nm -B "conftest.o"
configure:4544: output
0000000000000000 B some_variable
configure:4514: result: BSD nm
configure:4517: checking whether ln -s works
configure:4521: result: yes
configure:4529: checking the maximum length of command line arguments
configure:4649: result: 1572864
configure:4666: checking whether the shell understands some XSI constructs
configure:4675: result: yes
configure:4679: checking whether the shell understands "+="
configure:4683: result: yes
configure:4718: checking for /usr/bin/ld option to reload object files
configure:4725: result: -r
configure:4794: checking for objdump
configure:4810: found /usr/bin/objdump
configure:4821: result: objdump
configure:4853: checking how to recognize dependent libraries
configure:5049: result: pass_all
configure:5109: checking for ar
configure:5125: found /usr/bin/ar
configure:5136: result: ar
configure:5214: checking for strip
configure:5230: found /usr/bin/strip
configure:5241: result: strip
configure:5313: checking for ranlib
configure:5329: found /usr/bin/ranlib
configure:5340: result: ranlib
configure:5430: checking command to parse /usr/bin/nm -B output from gcc object
configure:5548: gcc -c -g -O2  conftest.c >&5
configure:5551: $? = 0
configure:5555: /usr/bin/nm -B conftest.o \| sed -n -e 's/^.*[	 ]\([ABCDGIRSTW][ABCDGIRSTW]*\)[	 ][	 ]*\([_A-Za-z][_A-Za-z0-9]*\)$/\1 \2 \2/p' \> conftest.nm
configure:5558: $? = 0
configure:5612: gcc -o conftest -g -O2   conftest.c conftstm.o >&5
configure:5615: $? = 0
configure:5653: result: ok
configure:5749: gcc -c -g -O2  conftest.c >&5
configure:5752: $? = 0
configure:6462: checking how to run the C preprocessor
configure:6493: gcc -E  conftest.c
configure:6493: $? = 0
configure:6507: gcc -E  conftest.c
conftest.c:11:10: fatal error: ac_nonexistent.h: No such file or directory
 #include <ac_nonexistent.h>
          ^~~~~~~~~~~~~~~~~~
compilation terminated.
configure:6507: $? = 1
configure: failed program was:
| /* confdefs.h */
| #define PACKAGE_NAME "libgatha"
| #define PACKAGE_TARNAME "libgatha"
| #define PACKAGE_VERSION "0.2"
| #define PACKAGE_STRING "libgatha 0.2"
| #define PACKAGE_BUGREPORT "alexis@lamiable.fr"
| #define PACKAGE_URL ""
| #define PACKAGE "libgatha"
| #define VERSION "0.2"
| /* end confdefs.h.  */
| #include <ac_nonexistent.h>
configure:6532: result: gcc -E
configure:6552: gcc -E  conftest.c
configure:6552: $? = 0
configure:6566: gcc -E  conftest.c
conftest.c:11:10: fatal error: ac_nonexistent.h: No such file or directory
 #include <ac_nonexistent.h>
          ^~~~~~~~~~~~~~~~~~
compilation terminated.
configure:6566: $? = 1
configure: failed program was:
| /* confdefs.h */
| #define PACKAGE_NAME "libgatha"
| #define PACKAGE_TARNAME "libgatha"
| #define PACKAGE_VERSION "0.2"
| #define PACKAGE_STRING "libgatha 0.2"
| #define PACKAGE_BUGREPORT "alexis@lamiable.fr"
| #define PACKAGE_URL ""
| #define PACKAGE "libgatha"
| #define VERSION "0.2"
| /* end confdefs.h.  */
| #include <ac_nonexistent.h>
configure:6595: checking for ANSI C header files
configure:6615: gcc -c -g -O2  conftest.c >&5
configure:6615: $? = 0
configure:6688: gcc -o conftest -g -O2   conftest.c  >&5
configure:6688: $? = 0
configure:6688: ./conftest
configure:6688: $? = 0
configure:6699: result: yes
configure:6712: checking for sys/types.h
configure:6712: gcc -c -g -O2  conftest.c >&5
configure:6712: $? = 0
configure:6712: result: yes
configure:6712: checking for sys/stat.h
configure:6712: gcc -c -g -O2  conftest.c >&5
configure:6712: $? = 0
configure:6712: result: yes
configure:6712: checking for stdlib.h
configure:6712: gcc -c -g -O2  conftest.c >&5
configure:6712: $? = 0
configure:6712: result: yes
configure:6712: checking for string.h
configure:6712: gcc -c -g -O2  conftest.c >&5
configure:6712: $? = 0
configure:6712: result: yes
configure:6712: checking for memory.h
configure:6712: gcc -c -g -O2  conftest.c >&5
configure:6712: $? = 0
configure:6712: result: yes
configure:6712: checking for strings.h
configure:6712: gcc -c -g -O2  conftest.c >&5
configure:6712: $? = 0
configure:6712: result: yes
configure:6712: checking for inttypes.h
configure:6712: gcc -c -g -O2  conftest.c >&5
configure:6712: $? = 0
configure:6712: result: yes
configure:6712: checking for stdint.h
configure:6712: gcc -c -g -O2  conftest.c >&5
configure:6712: $? = 0
configure:6712: result: yes
configure:6712: checking for unistd.h
configure:6712: gcc -c -g -O2  conftest.c >&5
configure:6712: $? = 0
configure:6712: result: yes
configure:6726: checking for dlfcn.h
configure:6726: gcc -c -g -O2  conftest.c >&5
configure:6726: $? = 0
configure:6726: result: yes
configure:6910: checking for objdir
configure:6925: result: .libs
configure:7221: checking if gcc supports -fno-rtti -fno-exceptions
configure:7279: gcc -c -g -O2  -fno-rtti -fno-exceptions conftest.c >&5
cc1: warning: command line option '-fno-rtti' is valid for C++/ObjC++ but not for C
configure:7283: $? = 0
configure:7256: result: no
configure:7276: checking for gcc option to produce PIC
configure:7548: result: -fPIC -DPIC
configure:7560: checking if gcc PIC flag -fPIC -DPIC works
configure:7618: gcc -c -g -O2  -fPIC -DPIC -DPIC conftest.c >&5
configure:7622: $? = 0
configure:7595: result: yes
configure:7619: checking if gcc static flag -static works
configure:7647: result: yes
configure:7662: checking if gcc supports -c -o file.o
configure:7723: gcc -c -g -O2  -o out/conftest2.o conftest.c >&5
configure:7727: $? = 0
configure:7709: result: yes
configure:7717: checking if gcc supports -c -o file.o
configure:7764: result: yes
configure:7797: checking whether the gcc linker (/usr/bin/ld -m elf_x86_64) supports shared libraries
configure:8788: result: yes
configure:8825: checking whether -lc should be explicitly linked in
configure:8830: gcc -c -g -O2  conftest.c >&5
configure:8833: $? = 0
configure:8848: gcc -shared conftest.o  -v -Wl,-soname -Wl,conftest -o conftest 2\>\&1 \| /bin/grep  -lc  \>/dev/null 2\>\&1
configure:8851: $? = 0
configure:8863: result: no
configure:9027: checking dynamic linker characteristics
configure:9460: gcc -o conftest -g -O2   -Wl,-rpath -Wl,/foo conftest.c  >&5
configure:9460: $? = 0
configure:9690: result: GNU/Linux ld.so
configure:9792: checking how to hardcode library paths into programs
configure:9817: result: immediate
configure:10337: checking whether stripping libraries is possible
configure:10342: result: yes
configure:10377: checking if libtool supports shared libraries
configure:10379: result: yes
configure:10382: checking whether to build shared libraries
configure:10403: result: yes
configure:10406: checking whether to build static libraries
configure:10410: result: yes
configure:7763: checking for gcc
configure:7790: result: gcc
configure:8019: checking for C compiler version
configure:8028: gcc --version >&5
gcc (Debian 8.3.0-6) 8.3.0
Copyright (C) 2018 Free Software Foundation, Inc.
This is free software; see the source for copying conditions.  There is NO
warranty; not even for MERCHANTABILITY or FITNESS FOR A PARTICULAR PURPOSE.

configure:8039: $? = 0
configure:8028: gcc -v >&5
Using built-in specs.
COLLECT_GCC=gcc
COLLECT_LTO_WRAPPER=/usr/lib/gcc/x86_64-linux-gnu/8/lto-wrapper
OFFLOAD_TARGET_NAMES=nvptx-none
OFFLOAD_TARGET_DEFAULT=1
Target: x86_64-linux-gnu
Configured with: ../src/configure -v --with-pkgversion='Debian 8.3.0-6' --with-bugurl=file:///usr/share/doc/gcc-8/README.Bugs --enable-languages=c,ada,c++,go,brig,d,fortran,objc,obj-c++ --prefix=/usr --with-gcc-major-version-only --program-suffix=-8 --program-prefix=x86_64-linux-gnu- --enable-shared --enable-linker-build-id --libexecdir=/usr/lib --without-included-gettext --enable-threads=posix --libdir=/usr/lib --enable-nls --enable-bootstrap --enable-clocale=gnu --enable-libstdcxx-debug --enable-libstdcxx-time=yes --with-default-libstdcxx-abi=new --enable-gnu-unique-object --disable-vtable-verify --enable-libmpx --enable-plugin --enable-default-pie --with-system-zlib --with-target-system-zlib --enable-objc-gc=auto --enable-multiarch --disable-werror --with-arch-32=i686 --with-abi=m64 --with-multilib-list=m32,m64,mx32 --enable-multilib --with-tune=generic --enable-offload-targets=nvptx-none --without-cuda-driver --enable-checking=release --build=x86_64-linux-gnu --host=x86_64-linux-gnu --target=x86_64-linux-gnu
Thread model: posix
gcc version 8.3.0 (Debian 8.3.0-6) 
configure:8039: $? = 0
configure:8028: gcc -V >&5
gcc: error: unrecognized command line option '-V'
gcc: fatal error: no input files
compilation terminated.
configure:8039: $? = 1
configure:8028: gcc -qversion >&5
gcc: error: unrecognized command line option '-qversion'; did you mean '--version'?
gcc: fatal error: no input files
compilation terminated.
configure:8039: $? = 1
configure:8043: checking whether we are using the GNU C compiler
configure:8071: result: yes
configure:8080: checking whether gcc accepts -g
configure:8141: result: yes
configure:8158: checking for gcc option to accept ISO C89
configure:8234: result: none needed
configure:8256: checking dependency style of gcc
configure:8366: result: gcc3
configure:8381: checking for inline
configure:8397: gcc -c -g -O2  conftest.c >&5
configure:8397: $? = 0
configure:8405: result: inline
configure:8428: checking math.h usability
configure:8428: gcc -c -g -O2  conftest.c >&5
configure:8428: $? = 0
configure:8428: result: yes
configure:8428: checking math.h presence
configure:8428: gcc -E  conftest.c
configure:8428: $? = 0
configure:8428: result: yes
configure:8428: checking for math.h
configure:8428: result: yes
configure:8428: checking for string.h
configure:8428: result: yes
configure:8428: checking stdarg.h usability
configure:8428: gcc -c -g -O2  conftest.c >&5
configure:8428: $? = 0
configure:8428: result: yes
configure:8428: checking stdarg.h presence
configure:8428: gcc -E  conftest.c
configure:8428: $? = 0
configure:8428: result: yes
configure:8428: checking for stdarg.h
configure:8428: result: yes
configure:8439: checking whether to enable assertions
configure:8457: result: yes
configure:8466: checking for snprintf
configure:8466: gcc -o conftest -g -O2   conftest.c  >&5
conftest.c:49:6: warning: conflicting types for built-in function 'snprintf' [-Wbuiltin-declaration-mismatch]
 char snprintf ();
      ^~~~~~~~
configure:8466: $? = 0
configure:8466: result: yes
configure:8478: checking for sqrt in -lm
configure:8503: gcc -o conftest -g -O2   conftest.c -lm   >&5
conftest.c:34:6: warning: conflicting types for built-in function 'sqrt' [-Wbuiltin-declaration-mismatch]
 char sqrt ();
      ^~~~
configure:8503: $? = 0
configure:8512: result: yes
configure:8587: checking for pkg-config
configure:8605: found /usr/bin/pkg-config
configure:8617: result: /usr/bin/pkg-config
configure:8642: checking pkg-config is at least version 0.9.0
configure:8645: result: yes
configure:8657: checking for GLIB
configure:8664: $PKG_CONFIG --exists --print-errors "glib-2.0"
configure:8667: $? = 0
configure:8680: $PKG_CONFIG --exists --print-errors "glib-2.0"
configure:8683: $? = 0
configure:8740: result: yes
configure:8746: checking for CAIRO
configure:8753: $PKG_CONFIG --exists --print-errors "cairo >= 1.10.0"
configure:8756: $? = 0
configure:8769: $PKG_CONFIG --exists --print-errors "cairo >= 1.10.0"
configure:8772: $? = 0
configure:8809: result: yes
configure:8976: creating ./config.status

## ---------------- ##
## Cache variables. ##
## ---------------- ##

ac_cv_build=x86_64-unknown-linux-gnu
ac_cv_c_compiler_gnu=yes
ac_cv_c_inline=inline
ac_cv_env_CAIRO_CFLAGS_set=
ac_cv_env_CAIRO_CFLAGS_value=
ac_cv_env_CAIRO_LIBS_set=
ac_cv_env_CAIRO_LIBS_value=
ac_cv_env_CC_set=
ac_cv_env_CC_value=
ac_cv_env_CFLAGS_set=
ac_cv_env_CFLAGS_value=
ac_cv_env_CPPFLAGS_set=
ac_cv_env_CPPFLAGS_value=
ac_cv_env_CPP_set=
ac_cv_env_CPP_value=
ac_cv_env_GLIB_CFLAGS_set=
ac_cv_env_GLIB_CFLAGS_value=
ac_cv_env_GLIB_LIBS_set=
ac_cv_env_GLIB_LIBS_value=
ac_cv_env_LDFLAGS_set=
ac_cv_env_LDFLAGS_value=
ac_cv_env_LIBS_set=
ac_cv_env_LIBS_value=
ac_cv_env_PKG_CONFIG_LIBDIR_set=
ac_cv_env_PKG_CONFIG_LIBDIR_value=
ac_cv_env_PKG_CONFIG_PATH_set=
ac_cv_env_PKG_CONFIG_PATH_value=
ac_cv_env_PKG_CONFIG_set=
ac_cv_env_PKG_CONFIG_value=
ac_cv_env_build_alias_set=
ac_cv_env_build_alias_value=
ac_cv_env_host_alias_set=
ac_cv_env_host_alias_value=
ac_cv_env_target_alias_set=
ac_cv_env_target_alias_value=
ac_cv_func_snprintf=yes
ac_cv_header_dlfcn_h=yes
ac_cv_header_inttypes_h=yes
ac_cv_header_math_h=yes
ac_cv_header_memory_h=yes
ac_cv_header_stdarg_h=yes
ac_cv_header_stdc=yes
ac_cv_header_stdint_h=yes
ac_cv_header_stdlib_h=yes
ac_cv_header_string_h=yes
ac_cv_header_strings_h=yes
ac_cv_header_sys_stat_h=yes
ac_cv_header_sys_types_h=yes
ac_cv_header_unistd_h=yes
ac_cv_host=x86_64-unknown-linux-gnu
ac_cv_lib_m_sqrt=yes
ac_cv_objext=o
ac_cv_path_EGREP='/bin/grep -E'
ac_cv_path_FGREP='/bin/grep -F'
ac_cv_path_GREP=/bin/grep
ac_cv_path_SED=/bin/sed
ac_cv_path_ac_pt_PKG_CONFIG=/usr/bin/pkg-config
ac_cv_path_install='/usr/bin/install -c'
ac_cv_path_mkdir=/bin/mkdir
ac_cv_prog_AWK=gawk
ac_cv_prog_CPP='gcc -E'
ac_cv_prog_ac_ct_AR=ar
ac_cv_prog_ac_ct_CC=gcc
ac_cv_prog_ac_ct_OBJDUMP=objdump
ac_cv_prog_ac_ct_RANLIB=ranlib
ac_cv_prog_ac_ct_STRIP=strip
ac_cv_prog_cc_c89=
ac_cv_prog_cc_g=yes
ac_cv_prog_make_make_set=yes
am_cv_CC_dependencies_compiler_type=gcc3
lt_cv_deplibs_check_method=pass_all
lt_cv_file_magic_cmd='$MAGIC_CMD'
lt_cv_file_magic_test_file=
lt_cv_ld_reload_flag=-r
lt_cv_nm_interface='BSD nm'
lt_cv_objdir=.libs
lt_cv_path_LD=/usr/bin/ld
lt_cv_path_NM='/usr/bin/nm -B'
lt_cv_prog_compiler_c_o=yes
lt_cv_prog_compiler_pic_works=yes
lt_cv_prog_compiler_rtti_exceptions=no
lt_cv_prog_compiler_static_works=yes
lt_cv_prog_gnu_ld=yes
lt_cv_sys_global_symbol_pipe='sed -n -e '\''s/^.*[	 ]\([ABCDGIRSTW][ABCDGIRSTW]*\)[	 ][	 ]*\([_A-Za-z][_A-Za-z0-9]*\)$/\1 \2 \2/p'\'''
lt_cv_sys_global_symbol_to_c_name_address='sed -n -e '\''s/^: \([^ ]*\) $/  {\"\1\", (void *) 0},/p'\'' -e '\''s/^[ABCDGIRSTW]* \([^ ]*\) \([^ ]*\)$/  {"\2", (void *) \&\2},/p'\'''
lt_cv_sys_global_symbol_to_c_name_address_lib_prefix='sed -n -e '\''s/^: \([^ ]*\) $/  {\"\1\", (void *) 0},/p'\'' -e '\''s/^[ABCDGIRSTW]* \([^ ]*\) \(lib[^ ]*\)$/  {"\2", (void *) \&\2},/p'\'' -e '\''s/^[ABCDGIRSTW]* \([^ ]*\) \([^ ]*\)$/  {"lib\2", (void *) \&\2},/p'\'''
lt_cv_sys_global_symbol_to_cdecl='sed -n -e '\''s/^T .* \(.*\)$/extern int \1();/p'\'' -e '\''s/^[ABCDGIRSTW]* .* \(.*\)$/extern char \1;/p'\'''
lt_cv_sys_max_cmd_len=1572864
pkg_cv_CAIRO_CFLAGS='-I/usr/include/cairo -I/usr/include/glib-2.0 -I/usr/lib/x86_64-linux-gnu/glib-2.0/include -I/usr/include/pixman-1 -I/usr/include/uuid -I/usr/include/freetype2 -I/usr/include/libpng16'
pkg_cv_CAIRO_LIBS=-lcairo
pkg_cv_GLIB_CFLAGS='-I/usr/include/glib-2.0 -I/usr/lib/x86_64-linux-gnu/glib-2.0/include'
pkg_cv_GLIB_LIBS=-lglib-2.0

## ----------------- ##
## Output variables. ##
## ----------------- ##

ACLOCAL='${SHELL} /home/yusei/tmp/libgatha/build-aux/missing --run aclocal-1.11'
AMDEPBACKSLASH='\'
AMDEP_FALSE='#'
AMDEP_TRUE=''
AMTAR='${SHELL} /home/yusei/tmp/libgatha/build-aux/missing --run tar'
AR='ar'
AUTOCONF='${SHELL} /home/yusei/tmp/libgatha/build-aux/missing --run autoconf'
AUTOHEADER='${SHELL} /home/yusei/tmp/libgatha/build-aux/missing --run autoheader'
AUTOMAKE='${SHELL} /home/yusei/tmp/libgatha/build-aux/missing --run automake-1.11'
AWK='gawk'
CAIRO_CFLAGS='-I/usr/include/cairo -I/usr/include/glib-2.0 -I/usr/lib/x86_64-linux-gnu/glib-2.0/include -I/usr/include/pixman-1 -I/usr/include/uuid -I/usr/include/freetype2 -I/usr/include/libpng16'
CAIRO_FALSE='#'
CAIRO_LIBS='-lcairo'
CAIRO_TRUE=''
CC='gcc'
CCDEPMODE='depmode=gcc3'
CFLAGS='-g -O2'
CPP='gcc -E'
CPPFLAGS=''
CYGPATH_W='echo'
DEFS='-DHAVE_CONFIG_H'
DEPDIR='.deps'
DSYMUTIL=''
DUMPBIN=''
ECHO_C=''
ECHO_N='-n'
ECHO_T=''
EGREP='/bin/grep -E'
EXEEXT=''
FGREP='/bin/grep -F'
GLIB_CFLAGS='-I/usr/include/glib-2.0 -I/usr/lib/x86_64-linux-gnu/glib-2.0/include'
GLIB_LIBS='-lglib-2.0'
GREP='/bin/grep'
INSTALL_DATA='${INSTALL} -m 644'
INSTALL_PROGRAM='${INSTALL}'
INSTALL_SCRIPT='${INSTALL}'
INSTALL_STRIP_PROGRAM='$(install_sh) -c -s'
LD='/usr/bin/ld -m elf_x86_64'
LDFLAGS=''
LIBOBJS=''
LIBS='-lm '
LIBTOOL='$(SHELL) $(top_builddir)/libtool'
LIPO=''
LN_S='ln -s'
LTLIBOBJS=''
MAKEINFO='${SHELL} /home/yusei/tmp/libgatha/build-aux/missing --run makeinfo'
MKDIR_P='/bin/mkdir -p'
NM='/usr/bin/nm -B'
NMEDIT=''
OBJDUMP='objdump'
OBJEXT='o'
OTOOL64=''
OTOOL=''
PACKAGE='libgatha'
PACKAGE_BUGREPORT='alexis@lamiable.fr'
PACKAGE_NAME='libgatha'
PACKAGE_STRING='libgatha 0.2'
PACKAGE_TARNAME='libgatha'
PACKAGE_URL=''
PACKAGE_VERSION='0.2'
PATH_SEPARATOR=':'
PKG_CONFIG='/usr/bin/pkg-config'
PKG_CONFIG_LIBDIR=''
PKG_CONFIG_PATH=''
RANLIB='ranlib'
SED='/bin/sed'
SET_MAKE=''
SHELL='/bin/bash'
STRIP='strip'
VERSION='0.2'
ac_ct_CC='gcc'
ac_ct_DUMPBIN=''
am__EXEEXT_FALSE=''
am__EXEEXT_TRUE='#'
am__fastdepCC_FALSE='#'
am__fastdepCC_TRUE=''
am__include='include'
am__isrc=''
am__leading_dot='.'
am__quote=''
am__tar='${AMTAR} chof - "$$tardir"'
am__untar='${AMTAR} xf -'
bindir='${exec_prefix}/bin'
build='x86_64-unknown-linux-gnu'
build_alias=''
build_cpu='x86_64'
build_os='linux-gnu'
build_vendor='unknown'
datadir='${datarootdir}'
datarootdir='${prefix}/share'
docdir='${datarootdir}/doc/${PACKAGE_TARNAME}'
dvidir='${docdir}'
exec_prefix='${prefix}'
host='x86_64-unknown-linux-gnu'
host_alias=''
host_cpu='x86_64'
host_os='linux-gnu'
host_vendor='unknown'
htmldir='${docdir}'
includedir='${prefix}/include'
infodir='${datarootdir}/info'
install_sh='${SHELL} /home/yusei/tmp/libgatha/build-aux/install-sh'
libdir='${exec_prefix}/lib'
libexecdir='${exec_prefix}/libexec'
localedir='${datarootdir}/locale'
localstatedir='${prefix}/var'
lt_ECHO='echo'
mandir='${datarootdir}/man'
mkdir_p='/bin/mkdir -p'
oldincludedir='/usr/include'
pdfdir='${docdir}'
prefix='/usr/local'
program_transform_name='s,x,x,'
psdir='${docdir}'
runstatedir='${localstatedir}/run'
sbindir='${exec_prefix}/sbin'
sharedstatedir='${prefix}/com'
sysconfdir='${prefix}/etc'
target_alias=''

## ----------- ##
## confdefs.h. ##
## ----------- ##

/* confdefs.h */
#define PACKAGE_NAME "libgatha"
#define PACKAGE_TARNAME "libgatha"
#define PACKAGE_VERSION "0.2"
#define PACKAGE_STRING "libgatha 0.2"
#define PACKAGE_BUGREPORT "alexis@lamiable.fr"
#define PACKAGE_URL ""
#define PACKAGE "libgatha"
#define VERSION "0.2"
#define STDC_HEADERS 1
#define HAVE_SYS_TYPES_H 1
#define HAVE_SYS_STAT_H 1
#define HAVE_STDLIB_H 1
#define HAVE_STRING_H 1
#define HAVE_MEMORY_H 1
#define HAVE_STRINGS_H 1
#define HAVE_INTTYPES_H 1
#define HAVE_STDINT_H 1
#define HAVE_UNISTD_H 1
#define HAVE_DLFCN_H 1
#define LT_OBJDIR ".libs/"
#define HAVE_MATH_H 1
#define HAVE_STRING_H 1
#define HAVE_STDARG_H 1
#define HAVE_SNPRINTF 1
#define HAVE_LIBM 1
#define HAVE_CAIRO 1

configure: exit 0

## ---------------------- ##
## Running config.status. ##
## ---------------------- ##

This file was extended by libgatha config.status 0.2, which was
generated by GNU Autoconf 2.69.  Invocation command line was

  CONFIG_FILES    = 
  CONFIG_HEADERS  = 
  CONFIG_LINKS    = 
  CONFIG_COMMANDS = 
  $ ./config.status 

on caribou

config.status:1074: creating Makefile
config.status:1074: creating lib/Makefile
config.status:1074: creating examples/Makefile
config.status:1074: creating config.h
config.status:1255: config.h is unchanged
config.status:1303: executing depfiles commands
config.status:1303: executing libtool commands

## ---------------------- ##
## Running config.status. ##
## ---------------------- ##

This file was extended by libgatha config.status 0.2, which was
generated by GNU Autoconf 2.69.  Invocation command line was

  CONFIG_FILES    = 
  CONFIG_HEADERS  = 
  CONFIG_LINKS    = 
  CONFIG_COMMANDS = 
  $ ./config.status config.h

on caribou

config.status:1074: creating config.h
config.status:1255: config.h is unchanged
